<?xml version="1.0" encoding="UTF-8"?>
<!-- Generated by org.testng.reporters.JUnitReportReporter -->
<testsuite hostname="DESKTOP-O1E6HBH" failures="0" tests="1" name="Designer.Slider" time="27.476" errors="0" timestamp="2021-10-06T12:09:20 GST" skipped="0">
  <testcase classname="Designer.Slider" name="slider" time="27.476"/>
  <system-out/>
</testsuite> <!-- Designer.Slider -->
