<?xml version="1.0" encoding="UTF-8"?>
<!-- Generated by org.testng.reporters.JUnitReportReporter -->
<testsuite hostname="DESKTOP-O1E6HBH" failures="0" tests="1" name="Designer.Sorting" time="44.047" errors="0" timestamp="2021-09-21T17:58:32 GST" skipped="0">
  <testcase classname="Designer.Sorting" name="graph_Data" time="44.047"/>
  <system-out/>
</testsuite> <!-- Designer.Sorting -->
