<?xml version="1.0" encoding="UTF-8"?>
<!-- Generated by org.testng.reporters.JUnitReportReporter -->
<testsuite hostname="DESKTOP-O1E6HBH" failures="0" tests="1" name="Designer.Sorting2" time="53.423" errors="0" timestamp="2021-09-21T18:03:39 GST" skipped="0">
  <testcase classname="Designer.Sorting2" name="graph_Data" time="53.423"/>
  <system-out/>
</testsuite> <!-- Designer.Sorting2 -->
