<?xml version="1.0" encoding="UTF-8"?>
<!-- Generated by org.testng.reporters.JUnitReportReporter -->
<testsuite hostname="DESKTOP-O1E6HBH" failures="0" tests="1" name="Designer.Product_Slider" time="19.082" errors="0" timestamp="2021-10-06T12:21:17 GST" skipped="0">
  <testcase classname="Designer.Product_Slider" name="slider" time="19.082"/>
  <system-out/>
</testsuite> <!-- Designer.Product_Slider -->
