<?xml version="1.0" encoding="UTF-8"?>
<!-- Generated by org.testng.reporters.JUnitReportReporter -->
<testsuite hostname="DESKTOP-O1E6HBH" failures="0" tests="1" name="Designer.Worldpopulationlive" time="19.579" errors="0" timestamp="2021-08-16T17:22:00 GST" skipped="0">
  <testcase classname="Designer.Worldpopulationlive" name="world_population_live_count" time="19.579"/>
  <system-out/>
</testsuite> <!-- Designer.Worldpopulationlive -->
