<?xml version="1.0" encoding="UTF-8"?>
<!-- Generated by org.testng.reporters.JUnitReportReporter -->
<testsuite hostname="DESKTOP-O1E6HBH" failures="0" tests="1" name="Designer.ScrollWebElement" time="31.762" errors="0" timestamp="2021-07-26T18:21:27 GST" skipped="0">
  <testcase classname="Designer.ScrollWebElement" name="scroll" time="31.762"/>
  <system-out/>
</testsuite> <!-- Designer.ScrollWebElement -->
