<?xml version="1.0" encoding="UTF-8"?>
<!-- Generated by org.testng.reporters.JUnitReportReporter -->
<testsuite hostname="DESKTOP-O1E6HBH" failures="0" tests="1" name="Designer.Graphs" time="57.930" errors="0" timestamp="2021-08-05T20:35:36 GST" skipped="0">
  <testcase classname="Designer.Graphs" name="graph_Data" time="57.930"/>
  <system-out/>
</testsuite> <!-- Designer.Graphs -->
