<?xml version="1.0" encoding="UTF-8"?>
<!-- Generated by org.testng.reporters.JUnitReportReporter -->
<testsuite hostname="DESKTOP-O1E6HBH" failures="0" tests="1" name="Designer.Progressbar" time="10.215" errors="0" timestamp="26 Jul 2021 10:35:20 GMT">
  <testcase classname="Designer.Progressbar" name="progressbar" time="10.215"/>
</testsuite> <!-- Designer.Progressbar -->
